<?xml version="1.0" encoding="UTF-8"?>
<beans xmlns="http://www.springframework.org/schema/beans"
       xmlns:xsi="http://www.w3.org/2001/XMLSchema-instance" xmlns:oxm="http://www.springframework.org/schema/oxm"
       xsi:schemaLocation="http://www.springframework.org/schema/beans http://www.springframework.org/schema/beans/spring-beans.xsd http://www.springframework.org/schema/oxm http://www.springframework.org/schema/oxm/spring-oxm.xsd">

    <beans>

        <bean id="webServiceTemplate" class="org.springframework.ws.client.core.WebServiceTemplate">
            <property name="defaultUri" value="http://localhost:8080/spring-ws-sample/employee.wsdl"/>
            <property name="marshaller" ref="marshaller"/>
            <property name="unmarshaller" ref="marshaller"/>
        </bean>

        <oxm:jaxb2-marshaller id="marshaller" context-path="com.hbo.employee"/>

    </beans>

</beans>